INFO  10:48:35 Application started. Press Ctrl+C to shut down.
INFO  10:48:35 Hosting environment: Development
INFO  10:48:35 Content root path: C:\OnJobTraining\FlightManagementSystem\LoginAPI\LoginAPI
INFO  10:49:18 Http Authentication Login request Initiated
INFO  11:01:22 Application started. Press Ctrl+C to shut down.
INFO  11:01:22 Hosting environment: Development
INFO  11:01:22 Content root path: C:\OnJobTraining\FlightManagementSystem\LoginAPI\LoginAPI
INFO  11:03:23 Http Authentication Login request Initiated
INFO  11:04:32 Http Authentication Login request Initiated
INFO  11:44:13 Application started. Press Ctrl+C to shut down.
INFO  11:44:13 Hosting environment: Development
INFO  11:44:13 Content root path: C:\OnJobTraining\FlightManagementSystem\LoginAPI\LoginAPI
INFO  11:44:23 Http Authentication Login request Initiated
INFO  11:45:56 Http Authentication Login request Initiated
INFO  12:02:44 Application started. Press Ctrl+C to shut down.
INFO  12:02:44 Hosting environment: Development
INFO  12:02:44 Content root path: C:\OnJobTraining\FlightManagementSystem\LoginAPI\LoginAPI
INFO  12:03:09 Http Authentication Login request Initiated
INFO  12:03:16 Http Authentication Login request Initiated
INFO  12:03:25 Http Authentication Login request Initiated
INFO  12:03:30 Http Authentication Login request Initiated
INFO  12:03:39 Http Authentication Login request Initiated
INFO  12:03:56 Http Authentication Login request Initiated
INFO  12:04:18 Http Authentication Login request Initiated
INFO  12:04:53 Http Authentication Login request Initiated
INFO  12:17:38 Http Authentication Login request Initiated
INFO  12:17:44 Http Authentication Login request Initiated
INFO  12:30:31 Application started. Press Ctrl+C to shut down.
INFO  12:30:31 Hosting environment: Development
INFO  12:30:31 Content root path: C:\OnJobTraining\FlightManagementSystem\LoginAPI\LoginAPI
INFO  12:30:43 Http Authentication Login request Initiated
INFO  12:31:15 Http Authentication Login request Initiated
INFO  12:31:25 Http Authentication Login request Initiated
INFO  12:35:36 Http Authentication Login request Initiated
INFO  12:41:26 Application started. Press Ctrl+C to shut down.
INFO  12:41:26 Hosting environment: Development
INFO  12:41:26 Content root path: C:\OnJobTraining\FlightManagementSystem\LoginAPI\LoginAPI
INFO  12:41:56 Http Authentication Login request Initiated
INFO  12:42:33 Application started. Press Ctrl+C to shut down.
INFO  12:42:33 Hosting environment: Development
INFO  12:42:33 Content root path: C:\OnJobTraining\FlightManagementSystem\LoginAPI\LoginAPI
INFO  12:43:10 Http Authentication Login request Initiated
INFO  12:45:58 Application started. Press Ctrl+C to shut down.
INFO  12:45:58 Hosting environment: Development
INFO  12:45:58 Content root path: C:\OnJobTraining\FlightManagementSystem\LoginAPI\LoginAPI
INFO  12:46:34 Http Authentication Login request Initiated
INFO  12:50:27 Http Authentication Login request Initiated
INFO  12:53:30 Http Authentication Login request Initiated
INFO  12:56:08 Http Authentication Login request Initiated
INFO  12:59:57 Http Authentication Login request Initiated
INFO  01:04:15 Http Authentication Login request Initiated
INFO  01:05:51 Http Authentication Login request Initiated
INFO  01:08:01 Http Authentication Login request Initiated
INFO  02:14:08 Application started. Press Ctrl+C to shut down.
INFO  02:14:08 Hosting environment: Development
INFO  02:14:08 Content root path: C:\OnJobTraining\FlightManagementSystem\LoginAPI\LoginAPI
INFO  02:14:31 Http Authentication Login request Initiated
INFO  02:35:47 Http Authentication Login request Initiated
INFO  02:39:01 Http Authentication Login request Initiated
INFO  03:14:34 Http Authentication Login request Initiated
INFO  03:14:47 Http Authentication Login request Initiated
INFO  03:16:16 Http Authentication Login request Initiated
INFO  09:58:17 Application started. Press Ctrl+C to shut down.
INFO  09:58:17 Hosting environment: Development
INFO  09:58:17 Content root path: C:\OnJobTraining\FlightManagementSystem\LoginAPI\LoginAPI
INFO  09:58:39 Http Authentication Login request Initiated
INFO  10:28:22 Http Authentication Login request Initiated
INFO  10:29:53 Http Authentication Login request Initiated
INFO  10:30:48 Http Authentication Login request Initiated
INFO  10:32:13 Http Authentication Login request Initiated
INFO  10:36:40 Http Authentication Login request Initiated
INFO  10:38:39 Http Authentication Login request Initiated
INFO  10:39:27 Http Authentication Login request Initiated
INFO  10:43:45 Http Authentication Login request Initiated
INFO  10:45:29 Http Authentication Login request Initiated
INFO  10:46:53 Http Authentication Login request Initiated
INFO  10:48:55 Http Authentication Login request Initiated
INFO  10:50:50 Http Authentication Login request Initiated
INFO  10:53:06 Http Authentication Login request Initiated
INFO  11:53:31 Http Authentication Login request Initiated
INFO  12:01:24 Http Authentication Login request Initiated
INFO  12:09:39 Http Authentication Login request Initiated
INFO  10:10:16 Application started. Press Ctrl+C to shut down.
INFO  10:10:16 Hosting environment: Development
INFO  10:10:16 Content root path: C:\OnJobTraining\FlightManagementSystem\LoginAPI\LoginAPI
INFO  10:10:18 Http Authentication Login request Initiated
INFO  10:13:48 Http Authentication Login request Initiated
INFO  10:17:57 Http Authentication Login request Initiated
INFO  10:24:21 Http Authentication Login request Initiated
INFO  10:29:18 Http Authentication Login request Initiated
INFO  10:31:45 Http Authentication Login request Initiated
INFO  10:33:26 Http Authentication Login request Initiated
INFO  10:35:47 Http Authentication Login request Initiated
INFO  10:36:51 Http Authentication Login request Initiated
INFO  10:37:58 Http Authentication Login request Initiated
INFO  10:42:44 Http Authentication Login request Initiated
INFO  10:47:50 Application started. Press Ctrl+C to shut down.
INFO  10:47:50 Hosting environment: Development
INFO  10:47:50 Content root path: C:\OnJobTraining\FlightManagementSystem\LoginAPI\LoginAPI
INFO  10:48:01 Http Authentication Login request Initiated
INFO  10:49:21 Http Authentication Login request Initiated
INFO  05:08:37 Application started. Press Ctrl+C to shut down.
INFO  05:08:37 Hosting environment: Development
INFO  05:08:37 Content root path: C:\OnJobTraining\FlightManagementSystem\LoginAPI\LoginAPI
INFO  05:08:55 Http Authentication Login request Initiated
INFO  05:13:01 Http Authentication Login request Initiated
INFO  05:14:53 Http Authentication Login request Initiated
INFO  05:16:48 Http Authentication Login request Initiated
INFO  05:17:51 Http Authentication Login request Initiated
INFO  05:38:04 Application started. Press Ctrl+C to shut down.
INFO  05:38:04 Application started. Press Ctrl+C to shut down.
INFO  05:38:04 Hosting environment: Development
INFO  05:38:04 Hosting environment: Development
INFO  05:38:04 Content root path: C:\OnJobTraining\FlightManagementSystem\BookingsAPI\BookingsAPI
INFO  05:38:04 Content root path: C:\OnJobTraining\FlightManagementSystem\BookingsAPI\BookingsAPI
INFO  05:38:19  Http GetFlightsByLocation request Initiated
INFO  05:39:23 Application started. Press Ctrl+C to shut down.
INFO  05:39:23 Hosting environment: Development
INFO  05:39:23 Content root path: C:\OnJobTraining\FlightManagementSystem\FlightManagementSystemMVCProject\FlightManagementSystemMVCProject
INFO  05:39:23 Login Page Was Called !!
INFO  05:43:01 Application started. Press Ctrl+C to shut down.
INFO  05:43:01 Application started. Press Ctrl+C to shut down.
INFO  05:43:01 Hosting environment: Development
INFO  05:43:01 Hosting environment: Development
INFO  05:43:01 Content root path: C:\OnJobTraining\FlightManagementSystem\FlightManagementSystemMVCProject\FlightManagementSystemMVCProject
INFO  05:43:01 Content root path: C:\OnJobTraining\FlightManagementSystem\FlightManagementSystemMVCProject\FlightManagementSystemMVCProject
INFO  05:43:01 Login Page Was Called !!
INFO  05:43:53 Login Was Done With username  And the Right Password
INFO  05:44:00 Choose Location Was Called !!
INFO  05:44:01 Show Flights method Was Called !!
INFO  05:45:51 Application started. Press Ctrl+C to shut down.
INFO  05:45:51 Application started. Press Ctrl+C to shut down.
INFO  05:45:51 Hosting environment: Development
INFO  05:45:51 Hosting environment: Development
INFO  05:45:51 Content root path: C:\OnJobTraining\FlightManagementSystem\FlightManagementSystemMVCProject\FlightManagementSystemMVCProject
INFO  05:45:51 Content root path: C:\OnJobTraining\FlightManagementSystem\FlightManagementSystemMVCProject\FlightManagementSystemMVCProject
INFO  05:45:51 Login Page Was Called !!
INFO  05:45:59 Login Was Done With username Manali And the Right Password
INFO  05:46:05 Choose Location Was Called !!
INFO  05:46:05 Show Flights method Was Called !!
